<?xml version="1.0" encoding="UTF-8"?>
<!-- Generated by org.testng.reporters.JUnitXMLReporter -->
<testsuite ignored="0" hostname="DESKTOP-UQ5BJ9E" failures="0" tests="3" name="Default test" time="0.303" errors="0" timestamp="2023-03-23T20:54:58 IST">
  <testcase classname="TestNgTestCases.VerifyForgottPassordPage" name="@BeforeTest OpenTheBrowser" time="-1.67958509764E9">
    <failure type="org.testng.TestNGException" message="
Parameter &amp;apos;Browser&amp;apos; is required by BeforeTest on method OpenTheBrowser but has not been marked @Optional or defined
in C:\Users\Shivam\AppData\Local\Temp\testng-eclipse--2108839980\testng-customsuite.xml">
      <![CDATA[org.testng.TestNGException: 
Parameter 'Browser' is required by BeforeTest on method OpenTheBrowser but has not been marked @Optional or defined
in C:\Users\Shivam\AppData\Local\Temp\testng-eclipse--2108839980\testng-customsuite.xml
at org.testng.internal.Parameters.createParams(Parameters.java:270)
at org.testng.internal.Parameters.createParametersForMethod(Parameters.java:358)
at org.testng.internal.Parameters.createParameters(Parameters.java:700)
at org.testng.internal.Parameters.createConfigurationParameters(Parameters.java:168)
at org.testng.internal.ConfigInvoker.invokeConfigurations(ConfigInvoker.java:302)
at org.testng.TestRunner.invokeTestConfigurations(TestRunner.java:637)
at org.testng.TestRunner.beforeRun(TestRunner.java:627)
at org.testng.TestRunner.run(TestRunner.java:589)
at org.testng.SuiteRunner.runTest(SuiteRunner.java:377)
at org.testng.SuiteRunner.runSequentially(SuiteRunner.java:371)
at org.testng.SuiteRunner.privateRun(SuiteRunner.java:332)
at org.testng.SuiteRunner.run(SuiteRunner.java:276)
at org.testng.SuiteRunnerWorker.runSuite(SuiteRunnerWorker.java:53)
at org.testng.SuiteRunnerWorker.run(SuiteRunnerWorker.java:96)
at org.testng.TestNG.runSuitesSequentially(TestNG.java:1212)
at org.testng.TestNG.runSuitesLocally(TestNG.java:1134)
at org.testng.TestNG.runSuites(TestNG.java:1063)
at org.testng.TestNG.run(TestNG.java:1031)
at org.testng.remote.AbstractRemoteTestNG.run(AbstractRemoteTestNG.java:115)
at org.testng.remote.RemoteTestNG.initAndRun(RemoteTestNG.java:251)
at org.testng.remote.RemoteTestNG.main(RemoteTestNG.java:77)
]]>
    </failure>
  </testcase> <!-- @BeforeTest OpenTheBrowser -->
  <testcase classname="TestNgTestCases.VerifyForgottPassordPage" name="@BeforeMethod gotoForgottPasswordPage" time="-1.679585097815E9">
    <skipped/>
  </testcase> <!-- @BeforeMethod gotoForgottPasswordPage -->
  <testcase classname="TestNgTestCases.VerifyForgottPassordPage" name="@AfterMethod AfterMethodLogOutApplication" time="-1.679585097843E9">
    <skipped/>
  </testcase> <!-- @AfterMethod AfterMethodLogOutApplication -->
  <testcase classname="TestNgTestCases.VerifyForgottPassordPage" name="@BeforeMethod gotoForgottPasswordPage" time="-1.679585097872E9">
    <skipped/>
  </testcase> <!-- @BeforeMethod gotoForgottPasswordPage -->
  <testcase classname="TestNgTestCases.VerifyForgottPassordPage" name="@AfterMethod AfterMethodLogOutApplication" time="-1.679585097885E9">
    <skipped/>
  </testcase> <!-- @AfterMethod AfterMethodLogOutApplication -->
  <testcase classname="TestNgTestCases.VerifyForgottPassordPage" name="@BeforeMethod gotoForgottPasswordPage" time="-1.679585097895E9">
    <skipped/>
  </testcase> <!-- @BeforeMethod gotoForgottPasswordPage -->
  <testcase classname="TestNgTestCases.VerifyForgottPassordPage" name="@AfterMethod AfterMethodLogOutApplication" time="-1.679585097909E9">
    <skipped/>
  </testcase> <!-- @AfterMethod AfterMethodLogOutApplication -->
  <testcase classname="TestNgTestCases.VerifyForgottPassordPage" name="@AfterTest BrowserClosed" time="-1.679585097922E9">
    <skipped/>
  </testcase> <!-- @AfterTest BrowserClosed -->
  <testcase classname="TestNgTestCases.VerifyForgottPassordPage" name="verifyMessageOnForgotPassWordPage" time="0.0">
    <skipped/>
  </testcase> <!-- verifyMessageOnForgotPassWordPage -->
  <testcase classname="TestNgTestCases.VerifyForgottPassordPage" name="verifyCancelButtonOnForgotPassWordPage" time="0.0">
    <skipped/>
  </testcase> <!-- verifyCancelButtonOnForgotPassWordPage -->
  <testcase classname="TestNgTestCases.VerifyForgottPassordPage" name="verifySearchButtonOnForgotPassWordPage" time="0.0">
    <skipped/>
  </testcase> <!-- verifySearchButtonOnForgotPassWordPage -->
</testsuite> <!-- Default test -->
