<!DOCTYPE html PUBLIC "-//W3C//DTD XHTML 1.1//EN" "https://www.w3.org/TR/xhtml11/DTD/xhtml11.dtd">
<html xmlns="https://www.w3.org/1999/xhtml">
<head>
<meta http-equiv="content-type" content="text/html; charset=UTF-8"/>
<title>TestNG Report</title>
<style type="text/css">table {margin-bottom:10px;border-collapse:collapse;empty-cells:show}th,td {border:1px solid #009;padding:.25em .5em}th {vertical-align:bottom}td {vertical-align:top}table a {font-weight:bold}.stripe td {background-color: #E6EBF9}.num {text-align:right}.passedodd td {background-color: #3F3}.passedeven td {background-color: #0A0}.skippedodd td {background-color: #DDD}.skippedeven td {background-color: #CCC}.failedodd td,.attn {background-color: #F33}.failedeven td,.stripe .attn {background-color: #D00}.stacktrace {white-space:pre;font-family:monospace}.totop {font-size:85%;text-align:center;border-bottom:2px solid #000}.invisible {display:none}</style>
</head>
<body>
<table>
<tr><th>Test</th><th># Passed</th><th># Skipped</th><th># Retried</th><th># Failed</th><th>Time (ms)</th><th>Included Groups</th><th>Excluded Groups</th></tr>
<tr><th colspan="8">Suite1</th></tr>
<tr><td><a href="#t0">ChromeTest1</a></td><td class="num">3</td><td class="num">0</td><td class="num">0</td><td class="num">0</td><td class="num">67,861</td><td></td><td></td></tr>
<tr class="stripe"><td><a href="#t1">FirefoxTest1</a></td><td class="num">2</td><td class="num">0</td><td class="num">0</td><td class="num attn">1</td><td class="num">106,984</td><td></td><td></td></tr>
<tr><td><a href="#t2">EdgeTest1</a></td><td class="num">2</td><td class="num">0</td><td class="num">0</td><td class="num attn">1</td><td class="num">111,484</td><td></td><td></td></tr>
<tr><th>Total</th><th class="num">7</th><th class="num">0</th><th class="num">0</th><th class="num attn">2</th><th class="num">286,329</th><th colspan="2"></th></tr>
</table>
<table id='summary'><thead><tr><th>Class</th><th>Method</th><th>Start</th><th>Time (ms)</th></tr></thead><tbody><tr><th colspan="4">Suite1</th></tr></tbody><tbody id="t0"><tr><th colspan="4">ChromeTest1 &#8212; passed</th></tr><tr class="passedeven"><td rowspan="3">TestNgTestCases.VerifyForgottPassordPage</td><td><a href="#m0">verifyCancelButtonOnForgotPassWordPage</a></td><td rowspan="1">1679585555752</td><td rowspan="1">6339</td></tr><tr class="passedeven"><td><a href="#m1">verifyMessageOnForgotPassWordPage</a></td><td rowspan="1">1679585546807</td><td rowspan="1">337</td></tr><tr class="passedeven"><td><a href="#m2">verifySearchButtonOnForgotPassWordPage</a></td><td rowspan="1">1679585569614</td><td rowspan="1">3403</td></tr></tbody>
<tbody id="t1"><tr><th colspan="4">FirefoxTest1 &#8212; failed</th></tr><tr class="failedeven"><td rowspan="1">TestNgTestCases.VerifyForgottPassordPage</td><td><a href="#m3">verifySearchButtonOnForgotPassWordPage</a></td><td rowspan="1">1679585662800</td><td rowspan="1">13122</td></tr><tr><th colspan="4">FirefoxTest1 &#8212; passed</th></tr><tr class="passedeven"><td rowspan="2">TestNgTestCases.VerifyForgottPassordPage</td><td><a href="#m4">verifyCancelButtonOnForgotPassWordPage</a></td><td rowspan="1">1679585653075</td><td rowspan="1">3852</td></tr><tr class="passedeven"><td><a href="#m5">verifyMessageOnForgotPassWordPage</a></td><td rowspan="1">1679585646921</td><td rowspan="1">134</td></tr></tbody>
<tbody id="t2"><tr><th colspan="4">EdgeTest1 &#8212; failed</th></tr><tr class="failedeven"><td rowspan="1">TestNgTestCases.VerifyForgottPassordPage</td><td><a href="#m6">verifySearchButtonOnForgotPassWordPage</a></td><td rowspan="1">1679585779606</td><td rowspan="1">12470</td></tr><tr><th colspan="4">EdgeTest1 &#8212; passed</th></tr><tr class="passedeven"><td rowspan="2">TestNgTestCases.VerifyForgottPassordPage</td><td><a href="#m7">verifyCancelButtonOnForgotPassWordPage</a></td><td rowspan="1">1679585739377</td><td rowspan="1">12267</td></tr><tr class="passedeven"><td><a href="#m8">verifyMessageOnForgotPassWordPage</a></td><td rowspan="1">1679585723824</td><td rowspan="1">56</td></tr></tbody>
</table>
<h2>ChromeTest1</h2><h3 id="m0">TestNgTestCases.VerifyForgottPassordPage#verifyCancelButtonOnForgotPassWordPage</h3><table class="result"><tr><th class="invisible"/></tr></table><p class="totop"><a href="#summary">back to summary</a></p>
<h3 id="m1">TestNgTestCases.VerifyForgottPassordPage#verifyMessageOnForgotPassWordPage</h3><table class="result"><tr><th class="invisible"/></tr></table><p class="totop"><a href="#summary">back to summary</a></p>
<h3 id="m2">TestNgTestCases.VerifyForgottPassordPage#verifySearchButtonOnForgotPassWordPage</h3><table class="result"><tr><th class="invisible"/></tr></table><p class="totop"><a href="#summary">back to summary</a></p>
<h2>FirefoxTest1</h2><h3 id="m3">TestNgTestCases.VerifyForgottPassordPage#verifySearchButtonOnForgotPassWordPage</h3><table class="result"><tr><th>Exception</th></tr><tr><td><div class="stacktrace">org.openqa.selenium.NoSuchElementException: Unable to locate element: //h3[text()=&apos;You’re Temporarily Blocked&apos;]
For documentation on this error, please visit: https://www.seleniumhq.org/exceptions/no_such_element.html
Build info: version: &apos;3.141.59&apos;, revision: &apos;e82be7d358&apos;, time: &apos;2018-11-14T08:17:03&apos;
System info: host: &apos;DESKTOP-UQ5BJ9E&apos;, ip: &apos;192.168.43.158&apos;, os.name: &apos;Windows 10&apos;, os.arch: &apos;amd64&apos;, os.version: &apos;10.0&apos;, java.version: &apos;18.0.2.1&apos;
Driver info: org.openqa.selenium.firefox.FirefoxDriver
Capabilities {acceptInsecureCerts: true, browserName: firefox, browserVersion: 76.0.1, javascriptEnabled: true, moz:accessibilityChecks: false, moz:buildID: 20200507114007, moz:geckodriverVersion: 0.32.2, moz:headless: false, moz:processID: 7788, moz:profile: C:\Users\Shivam\AppData\Loc..., moz:shutdownTimeout: 60000, moz:useNonSpecCompliantPointerOrigin: false, moz:webdriverClick: true, pageLoadStrategy: normal, platform: WINDOWS, platformName: WINDOWS, platformVersion: 10.0, rotatable: false, setWindowRect: true, strictFileInteractability: false, timeouts: {implicit: 0, pageLoad: 300000, script: 30000}, unhandledPromptBehavior: dismiss and notify}
Session ID: d15314de-25f3-4c64-9c25-f8b5b54b25c4
*** Element info: {Using=xpath, value=//h3[text()=&apos;You’re Temporarily Blocked&apos;]}
	at org.openqa.selenium.remote.http.W3CHttpResponseCodec.createException(W3CHttpResponseCodec.java:187)
	at org.openqa.selenium.remote.http.W3CHttpResponseCodec.decode(W3CHttpResponseCodec.java:122)
	at org.openqa.selenium.remote.http.W3CHttpResponseCodec.decode(W3CHttpResponseCodec.java:49)
	at org.openqa.selenium.remote.HttpCommandExecutor.execute(HttpCommandExecutor.java:158)
	at org.openqa.selenium.remote.service.DriverCommandExecutor.execute(DriverCommandExecutor.java:83)
	at org.openqa.selenium.remote.RemoteWebDriver.execute(RemoteWebDriver.java:552)
	at org.openqa.selenium.remote.RemoteWebDriver.findElement(RemoteWebDriver.java:323)
	at org.openqa.selenium.remote.RemoteWebDriver.findElementByXPath(RemoteWebDriver.java:428)
	at org.openqa.selenium.By$ByXPath.findElement(By.java:353)
	at org.openqa.selenium.remote.RemoteWebDriver.findElement(RemoteWebDriver.java:315)
	at org.openqa.selenium.support.pagefactory.DefaultElementLocator.findElement(DefaultElementLocator.java:69)
	at org.openqa.selenium.support.pagefactory.internal.LocatingElementHandler.invoke(LocatingElementHandler.java:38)
	at jdk.proxy2/jdk.proxy2.$Proxy15.getText(Unknown Source)
	at Page.ForgttonPassWordPage.getTextErrorTitleyourTemporalyText(ForgttonPassWordPage.java:63)
	at TestNgTestCases.VerifyForgottPassordPage.verifySearchButtonOnForgotPassWordPage(VerifyForgottPassordPage.java:116)
	at java.base/java.util.ArrayList.forEach(ArrayList.java:1511)
... Removed 28 stack frames</div></td></tr></table><p class="totop"><a href="#summary">back to summary</a></p>
<h3 id="m4">TestNgTestCases.VerifyForgottPassordPage#verifyCancelButtonOnForgotPassWordPage</h3><table class="result"><tr><th class="invisible"/></tr></table><p class="totop"><a href="#summary">back to summary</a></p>
<h3 id="m5">TestNgTestCases.VerifyForgottPassordPage#verifyMessageOnForgotPassWordPage</h3><table class="result"><tr><th class="invisible"/></tr></table><p class="totop"><a href="#summary">back to summary</a></p>
<h2>EdgeTest1</h2><h3 id="m6">TestNgTestCases.VerifyForgottPassordPage#verifySearchButtonOnForgotPassWordPage</h3><table class="result"><tr><th>Exception</th></tr><tr><td><div class="stacktrace">org.openqa.selenium.NoSuchElementException: no such element: Unable to locate element: {&quot;method&quot;:&quot;xpath&quot;,&quot;selector&quot;:&quot;//h3[text()=&apos;You’re Temporarily Blocked&apos;]&quot;}
  (Session info: MicrosoftEdge=111.0.1661.44)
For documentation on this error, please visit: https://www.seleniumhq.org/exceptions/no_such_element.html
Build info: version: &apos;3.141.59&apos;, revision: &apos;e82be7d358&apos;, time: &apos;2018-11-14T08:17:03&apos;
System info: host: &apos;DESKTOP-UQ5BJ9E&apos;, ip: &apos;192.168.43.158&apos;, os.name: &apos;Windows 10&apos;, os.arch: &apos;amd64&apos;, os.version: &apos;10.0&apos;, java.version: &apos;18.0.2.1&apos;
Driver info: org.openqa.selenium.edge.EdgeDriver
Capabilities {acceptInsecureCerts: false, browserName: msedge, browserVersion: 111.0.1661.44, javascriptEnabled: true, ms:edgeOptions: {debuggerAddress: localhost:49594}, msedge: {msedgedriverVersion: 111.0.1661.51 (5b30e0e79e57..., userDataDir: C:\Users\Shivam\AppData\Loc...}, networkConnectionEnabled: false, pageLoadStrategy: normal, platform: WINDOWS, platformName: WINDOWS, proxy: Proxy(), setWindowRect: true, strictFileInteractability: false, timeouts: {implicit: 0, pageLoad: 300000, script: 30000}, unhandledPromptBehavior: dismiss and notify, webauthn:extension:credBlob: true, webauthn:extension:largeBlob: true, webauthn:extension:minPinLength: true, webauthn:extension:prf: true, webauthn:virtualAuthenticators: true}
Session ID: 4e63520108cc9f6d0246092795f80c63
*** Element info: {Using=xpath, value=//h3[text()=&apos;You’re Temporarily Blocked&apos;]}
	at org.openqa.selenium.remote.http.W3CHttpResponseCodec.createException(W3CHttpResponseCodec.java:187)
	at org.openqa.selenium.remote.http.W3CHttpResponseCodec.decode(W3CHttpResponseCodec.java:122)
	at org.openqa.selenium.remote.http.W3CHttpResponseCodec.decode(W3CHttpResponseCodec.java:49)
	at org.openqa.selenium.remote.HttpCommandExecutor.execute(HttpCommandExecutor.java:158)
	at org.openqa.selenium.remote.service.DriverCommandExecutor.execute(DriverCommandExecutor.java:83)
	at org.openqa.selenium.remote.RemoteWebDriver.execute(RemoteWebDriver.java:552)
	at org.openqa.selenium.remote.RemoteWebDriver.findElement(RemoteWebDriver.java:323)
	at org.openqa.selenium.remote.RemoteWebDriver.findElementByXPath(RemoteWebDriver.java:428)
	at org.openqa.selenium.By$ByXPath.findElement(By.java:353)
	at org.openqa.selenium.remote.RemoteWebDriver.findElement(RemoteWebDriver.java:315)
	at org.openqa.selenium.support.pagefactory.DefaultElementLocator.findElement(DefaultElementLocator.java:69)
	at org.openqa.selenium.support.pagefactory.internal.LocatingElementHandler.invoke(LocatingElementHandler.java:38)
	at jdk.proxy2/jdk.proxy2.$Proxy15.getText(Unknown Source)
	at Page.ForgttonPassWordPage.getTextErrorTitleyourTemporalyText(ForgttonPassWordPage.java:63)
	at TestNgTestCases.VerifyForgottPassordPage.verifySearchButtonOnForgotPassWordPage(VerifyForgottPassordPage.java:116)
	at java.base/java.util.ArrayList.forEach(ArrayList.java:1511)
... Removed 28 stack frames</div></td></tr></table><p class="totop"><a href="#summary">back to summary</a></p>
<h3 id="m7">TestNgTestCases.VerifyForgottPassordPage#verifyCancelButtonOnForgotPassWordPage</h3><table class="result"><tr><th class="invisible"/></tr></table><p class="totop"><a href="#summary">back to summary</a></p>
<h3 id="m8">TestNgTestCases.VerifyForgottPassordPage#verifyMessageOnForgotPassWordPage</h3><table class="result"><tr><th class="invisible"/></tr></table><p class="totop"><a href="#summary">back to summary</a></p>
</body>
</html>
